{
  "RSpec": {
    "coverage": {
      "/home/ubuntu1404/Workspaces/kudoso/app/controllers/activities_controller.rb": [
        1,
        1,
        1,
        1,
        null,
        1,
        null,
        1,
        1,
        1,
        null,
        null,
        1,
        1,
        null,
        null,
        1,
        3,
        2,
        2,
        2,
        2,
        1,
        1,
        null,
        2,
        null,
        0,
        0,
        null,
        null,
        1,
        1,
        null,
        null,
        null,
        1,
        null,
        null,
        1,
        0,
        0,
        0,
        0,
        null,
        null,
        1,
        1,
        1,
        1,
        1,
        null,
        0,
        0,
        0,
        null,
        null,
        null,
        1,
        0,
        0,
        null,
        null,
        1,
        1,
        0,
        null,
        null,
        1,
        0,
        0,
        null,
        null
      ],
      "/home/ubuntu1404/Workspaces/kudoso/app/controllers/application_controller.rb": [
        1,
        null,
        null,
        1,
        null,
        1,
        null,
        1,
        null,
        1,
        126,
        126,
        126,
        null,
        null,
        1,
        null,
        1,
        1,
        null,
        1,
        0,
        0,
        null,
        0,
        0,
        null,
        0,
        null,
        null,
        null,
        null,
        1,
        0,
        0,
        null,
        0,
        null,
        null,
        null,
        1,
        0,
        0,
        0,
        0,
        0,
        0,
        null,
        0,
        null,
        null,
        1,
        0,
        0,
        0,
        0,
        0,
        0,
        null,
        0,
        null,
        null,
        null,
        null,
        1,
        7,
        7,
        null,
        0,
        null,
        7,
        null,
        7,
        7,
        null,
        null,
        1,
        0,
        0,
        0,
        null,
        null,
        1,
        0,
        0,
        0,
        0,
        0,
        null,
        null,
        null,
        1,
        170,
        94,
        null,
        76,
        null,
        null,
        null,
        1,
        57,
        57,
        57,
        57,
        57,
        null,
        null,
        1,
        0,
        null,
        null,
        1,
        null,
        1,
        1,
        null,
        null,
        1,
        null,
        1,
        126,
        0,
        0,
        null,
        null,
        null,
        1,
        69,
        69,
        0,
        0,
        null,
        null,
        null,
        null,
        1,
        6,
        6,
        12,
        6,
        6,
        6,
        null,
        null,
        null,
        null,
        null
      ],
      "/home/ubuntu1404/Workspaces/kudoso/app/controllers/activity_details_controller.rb": [
        1,
        1,
        null,
        1,
        null,
        1,
        0,
        0,
        null,
        null,
        1,
        0,
        null,
        null,
        1,
        0,
        0,
        null,
        null,
        1,
        null,
        null,
        1,
        0,
        0,
        0,
        null,
        null,
        1,
        0,
        0,
        null,
        null,
        1,
        0,
        0,
        null,
        null,
        1,
        1,
        0,
        null,
        null,
        1,
        0,
        null,
        null
      ],
      "/home/ubuntu1404/Workspaces/kudoso/app/controllers/avatars_controller.rb": [
        1,
        1,
        null,
        null,
        null,
        1,
        1,
        null,
        null,
        null,
        null,
        1,
        null,
        null,
        null,
        1,
        null,
        1,
        1,
        null,
        null,
        null,
        1,
        0,
        null,
        null
      ],
      "/home/ubuntu1404/Workspaces/kudoso/app/controllers/content_types_controller.rb": [
        1,
        1,
        null,
        1,
        null,
        1,
        0,
        0,
        null,
        null,
        1,
        0,
        null,
        null,
        1,
        1,
        1,
        null,
        null,
        1,
        null,
        null,
        1,
        0,
        0,
        0,
        null,
        null,
        1,
        0,
        0,
        null,
        null,
        1,
        0,
        0,
        null,
        null,
        1,
        1,
        0,
        null,
        null,
        1,
        0,
        null,
        null
      ],
      "/home/ubuntu1404/Workspaces/kudoso/app/controllers/members_controller.rb": [
        1,
        1,
        1,
        null,
        1,
        null,
        null,
        null,
        1,
        1,
        1,
        null,
        null,
        null,
        null,
        1,
        null,
        null,
        null,
        null,
        1,
        1,
        1,
        1,
        null,
        null,
        null,
        1,
        null,
        null,
        null,
        null,
        1,
        5,
        5,
        5,
        5,
        3,
        6,
        3,
        3,
        null,
        null,
        null,
        2,
        4,
        2,
        null,
        null,
        null,
        null,
        null,
        null,
        null,
        1,
        5,
        5,
        3,
        3,
        null,
        2,
        null,
        null,
        null,
        null,
        null,
        null,
        1,
        2,
        2,
        null,
        0,
        null,
        2,
        null,
        null,
        null,
        1,
        0,
        0,
        0,
        0,
        0,
        0,
        null,
        0,
        null,
        null,
        null,
        null,
        0,
        0,
        0,
        null,
        null,
        null,
        null,
        1,
        null,
        null,
        null,
        1,
        20,
        null,
        null
      ],
      "/home/ubuntu1404/Workspaces/kudoso/app/controllers/notes_controller.rb": [
        1,
        1,
        null,
        1,
        null,
        1,
        0,
        0,
        null,
        null,
        1,
        0,
        null,
        null,
        1,
        1,
        1,
        null,
        null,
        1,
        null,
        null,
        1,
        0,
        0,
        0,
        null,
        null,
        1,
        0,
        0,
        null,
        null,
        1,
        0,
        0,
        null,
        null,
        1,
        1,
        0,
        null,
        null,
        1,
        0,
        null,
        null
      ],
      "/home/ubuntu1404/Workspaces/kudoso/app/controllers/admin/router_models_controller.rb": [
        1,
        1,
        null,
        null,
        null,
        1,
        0,
        null,
        null,
        null,
        null,
        1,
        null,
        null,
        null,
        1,
        0,
        null,
        null,
        null,
        1,
        null,
        null,
        null,
        null,
        1,
        0,
        null,
        0,
        0,
        0,
        0,
        null,
        0,
        0,
        null,
        null,
        null,
        null,
        null,
        null,
        1,
        0,
        0,
        0,
        0,
        null,
        0,
        0,
        null,
        null,
        null,
        null,
        null,
        null,
        1,
        0,
        0,
        0,
        0,
        null,
        null,
        null,
        1,
        null,
        1,
        0,
        null,
        null,
        null,
        1,
        0,
        null,
        null
      ],
      "/home/ubuntu1404/Workspaces/kudoso/app/controllers/admin_controller.rb": [
        null,
        1,
        1,
        1,
        1,
        null,
        1,
        0,
        null,
        null,
        1,
        1,
        0,
        0,
        0,
        null,
        null,
        null
      ],
      "/home/ubuntu1404/Workspaces/kudoso/app/controllers/st_overrides_controller.rb": [
        1,
        1,
        1,
        1,
        null,
        1,
        null,
        1,
        1,
        1,
        null,
        null,
        1,
        1,
        null,
        null,
        1,
        1,
        1,
        null,
        null,
        1,
        1,
        null,
        null,
        1,
        5,
        5,
        3,
        null,
        2,
        null,
        null,
        null,
        null,
        1,
        2,
        null,
        null,
        1,
        2,
        2,
        null,
        null,
        1,
        null,
        null,
        1,
        17,
        null,
        null
      ],
      "/home/ubuntu1404/Workspaces/kudoso/app/controllers/themes_controller.rb": [
        1,
        null,
        null,
        null,
        1,
        1,
        null,
        null,
        null,
        null
      ],
      "/home/ubuntu1404/Workspaces/kudoso/app/controllers/admin/tickets_controller.rb": [
        1,
        1,
        null,
        1,
        null,
        1,
        0,
        0,
        0,
        0,
        0,
        0,
        0,
        0,
        0,
        0,
        0,
        null,
        null,
        0,
        null,
        null,
        1,
        0,
        null,
        null,
        1,
        0,
        0,
        null,
        null,
        1,
        null,
        null,
        1,
        0,
        0,
        0,
        null,
        0,
        0,
        null,
        null,
        1,
        0,
        0,
        0,
        null,
        0,
        0,
        null,
        null,
        1,
        0,
        null,
        null,
        1,
        null,
        null,
        1,
        0,
        null,
        null
      ],
      "/home/ubuntu1404/Workspaces/kudoso/app/controllers/todos_controller.rb": [
        1,
        1,
        1,
        1,
        null,
        1,
        null,
        1,
        2,
        null,
        null,
        1,
        2,
        null,
        null,
        1,
        1,
        1,
        null,
        null,
        1,
        null,
        null,
        1,
        6,
        6,
        6,
        1,
        1,
        null,
        5,
        5,
        null,
        null,
        6,
        6,
        8,
        null,
        4,
        null,
        null,
        null,
        null,
        null,
        1,
        5,
        5,
        6,
        3,
        null,
        4,
        2,
        null,
        null,
        null,
        null,
        1,
        2,
        2,
        4,
        2,
        null,
        null,
        null,
        1,
        null,
        1,
        22,
        null,
        null
      ],
      "/home/ubuntu1404/Workspaces/kudoso/app/models/activity_detail.rb": [
        1,
        1,
        null,
        null
      ],
      "/home/ubuntu1404/Workspaces/kudoso/app/models/app.rb": [
        1,
        1,
        1,
        null,
        1,
        1,
        1,
        null,
        1,
        1,
        null,
        1,
        1,
        null,
        1,
        6,
        null,
        null,
        1,
        6,
        6,
        6,
        6,
        6,
        6,
        null,
        6,
        null,
        null
      ],
      "/home/ubuntu1404/Workspaces/kudoso/app/models/command.rb": [
        1,
        1,
        null,
        1,
        null,
        null
      ],
      "/home/ubuntu1404/Workspaces/kudoso/app/models/contact.rb": [
        1,
        1,
        1,
        1,
        1,
        1,
        1,
        null,
        1,
        1,
        null,
        1,
        0,
        null,
        null,
        1,
        0,
        null,
        null,
        1,
        0,
        null,
        null
      ],
      "/home/ubuntu1404/Workspaces/kudoso/app/models/content_descriptor.rb": [
        1,
        null
      ],
      "/home/ubuntu1404/Workspaces/kudoso/app/models/content_rating.rb": [
        1,
        null
      ],
      "/home/ubuntu1404/Workspaces/kudoso/app/models/content.rb": [
        1,
        null
      ],
      "/home/ubuntu1404/Workspaces/kudoso/app/models/device_category.rb": [
        1,
        1,
        1,
        null,
        1,
        null
      ],
      "/home/ubuntu1404/Workspaces/kudoso/app/models/device.rb": [
        1,
        1,
        1,
        1,
        1,
        1,
        1,
        null,
        1,
        1,
        1,
        1,
        1,
        1,
        1,
        1,
        null,
        1,
        null,
        1,
        null,
        1,
        null,
        null,
        1,
        46,
        46,
        null,
        null,
        1,
        53,
        53,
        53,
        32,
        null,
        null,
        null,
        1,
        null,
        1,
        1,
        null,
        1,
        null,
        1,
        null,
        null,
        null,
        null,
        null,
        null,
        null,
        null,
        null,
        8,
        8,
        null,
        null,
        1,
        4,
        null,
        null,
        1,
        0,
        0,
        0,
        null,
        null,
        null,
        null,
        null,
        null,
        1,
        0,
        null,
        null,
        1,
        1,
        null,
        1,
        1,
        null,
        1,
        null,
        null,
        1,
        0,
        0,
        0,
        0,
        0,
        0,
        null,
        null,
        1,
        0,
        null,
        null,
        1,
        7,
        null,
        null,
        1,
        0,
        null,
        null
      ],
      "/home/ubuntu1404/Workspaces/kudoso/app/models/email.rb": [
        1,
        1,
        1,
        null,
        null,
        1,
        1,
        null,
        null,
        null,
        null
      ],
      "/home/ubuntu1404/Workspaces/kudoso/app/models/family_activity_preference.rb": [
        1,
        1,
        1,
        null
      ],
      "/home/ubuntu1404/Workspaces/kudoso/app/models/family_device_category.rb": [
        1,
        1,
        1,
        null,
        1,
        1,
        null,
        null
      ],
      "/home/ubuntu1404/Workspaces/kudoso/app/models/family.rb": [
        1,
        1,
        1,
        1,
        1,
        1,
        1,
        1,
        1,
        1,
        1,
        null,
        1,
        null,
        189,
        null,
        1,
        null,
        1,
        166,
        null,
        null,
        1,
        16,
        null,
        null,
        1,
        16,
        16,
        0,
        null,
        16,
        null,
        null,
        1,
        0,
        null,
        null,
        1,
        105,
        105,
        105,
        165,
        255,
        105,
        105,
        105,
        null,
        null,
        null,
        null,
        165,
        null,
        null,
        null,
        1,
        6,
        null,
        6,
        6,
        6,
        6,
        6,
        6,
        null,
        null,
        null,
        6,
        7,
        7,
        null,
        7,
        7,
        7,
        7,
        7,
        null,
        0,
        null,
        null,
        null,
        null,
        6,
        null,
        null,
        1,
        1,
        1,
        null,
        2,
        1,
        1,
        1,
        1,
        2,
        null,
        1,
        1,
        null,
        0,
        null,
        null,
        0,
        null,
        null,
        null,
        null,
        1,
        null,
        1,
        1,
        null,
        null,
        null,
        1,
        8,
        null,
        null,
        null,
        1,
        2,
        null,
        2,
        60,
        null,
        null,
        2,
        null,
        null,
        1,
        0,
        0,
        0,
        0,
        null,
        null,
        1,
        null,
        0,
        null,
        null,
        1,
        5,
        5,
        4,
        null,
        1,
        null,
        null,
        null,
        1,
        0,
        0,
        0,
        null,
        0,
        null,
        null,
        null,
        1,
        4,
        4,
        null,
        null,
        1,
        2,
        2,
        1,
        null,
        2,
        10,
        null,
        12,
        null,
        null,
        1,
        null,
        1,
        1701,
        189,
        null,
        null,
        null,
        null,
        null
      ],
      "/home/ubuntu1404/Workspaces/kudoso/app/models/fc_questionaire.rb": [
        1,
        1,
        null
      ],
      "/home/ubuntu1404/Workspaces/kudoso/app/models/invoice.rb": [
        1,
        1,
        null,
        1,
        null,
        null
      ],
      "/home/ubuntu1404/Workspaces/kudoso/app/models/note_type.rb": [
        1,
        1,
        null
      ],
      "/home/ubuntu1404/Workspaces/kudoso/app/models/router_model.rb": [
        1,
        1,
        1,
        null
      ],
      "/home/ubuntu1404/Workspaces/kudoso/app/models/screen_time.rb": [
        1,
        null,
        1,
        null,
        1,
        null,
        1,
        null,
        null,
        1,
        1,
        null,
        1,
        null,
        null,
        1,
        1,
        null,
        1,
        1516,
        null,
        null,
        1,
        1,
        null,
        1,
        1427,
        0,
        0,
        null,
        1427,
        null,
        null,
        null,
        null,
        1,
        1426,
        1422,
        null,
        null,
        null
      ],
      "/home/ubuntu1404/Workspaces/kudoso/app/models/theme.rb": [
        1,
        1,
        null,
        1,
        null,
        1,
        null,
        1,
        0,
        null,
        null,
        1,
        null,
        1,
        153,
        153,
        2,
        2,
        null,
        null,
        null
      ],
      "/home/ubuntu1404/Workspaces/kudoso/app/models/ticket_type.rb": [
        1,
        null
      ],
      "/home/ubuntu1404/Workspaces/kudoso/app/models/todo_schedule.rb": [
        1,
        1,
        1,
        1,
        1,
        1,
        1,
        null,
        1,
        null,
        1,
        1,
        null,
        1,
        null,
        1,
        0,
        null,
        null,
        1,
        108,
        108,
        108,
        108,
        107,
        null,
        108,
        null,
        null,
        1,
        7,
        null,
        null,
        1,
        2,
        0,
        0,
        0,
        null,
        2,
        null,
        null,
        null,
        1,
        null,
        1,
        22,
        1,
        null,
        22,
        0,
        null,
        null,
        null,
        1,
        18,
        0,
        null,
        null,
        null,
        1,
        4,
        1,
        null,
        null,
        null,
        1,
        355,
        null,
        null,
        null,
        null
      ],
      "/home/ubuntu1404/Workspaces/kudoso/app/models/todo.rb": [
        1,
        1,
        1,
        1,
        1,
        1,
        null,
        1,
        null,
        1,
        1,
        null,
        1,
        0,
        null,
        null,
        1,
        null,
        1,
        64,
        null,
        null
      ],
      "/home/ubuntu1404/Workspaces/kudoso/app/models/todo_template.rb": [
        1,
        1,
        null,
        1,
        1,
        null,
        1,
        null,
        1,
        1,
        null,
        1,
        null,
        1,
        1,
        null,
        1,
        1,
        null,
        null,
        1,
        2,
        null,
        null,
        1,
        41,
        41,
        40,
        1,
        1,
        1,
        null,
        null,
        null,
        null,
        1,
        6,
        null,
        null,
        1,
        1,
        null,
        null,
        1,
        null,
        1,
        150,
        null,
        1,
        150,
        null,
        null
      ],
      "/home/ubuntu1404/Workspaces/kudoso/app/helpers/not_deleteable.rb": [
        1,
        1,
        0,
        0,
        null,
        null,
        0,
        null,
        null,
        null,
        1,
        0,
        null,
        null,
        null,
        1,
        2,
        167,
        null,
        null,
        null,
        null,
        null,
        1,
        1,
        0,
        null,
        null
      ],
      "/home/ubuntu1404/Workspaces/kudoso/app/models/avatar.rb": [
        1,
        null,
        1,
        null,
        1,
        1,
        null,
        1,
        null,
        1,
        5,
        null,
        null,
        1,
        5,
        5,
        0,
        0,
        0,
        0,
        null,
        5,
        null,
        null
      ],
      "/home/ubuntu1404/Workspaces/kudoso/app/models/activity.rb": [
        1,
        null,
        null,
        null,
        1,
        null,
        1,
        1,
        1,
        1,
        1,
        1,
        null,
        1,
        1,
        1,
        1,
        1,
        1,
        1,
        null,
        1,
        null,
        1,
        null,
        null,
        null,
        null,
        null,
        null,
        null,
        null,
        null,
        0,
        0,
        null,
        null,
        1,
        0,
        null,
        null,
        1,
        5,
        3,
        null,
        3,
        3,
        3,
        3,
        3,
        3,
        3,
        2,
        2,
        0,
        null,
        null,
        3,
        0,
        0,
        0,
        0,
        null,
        null,
        3,
        1,
        1,
        null,
        null,
        3,
        null,
        null,
        0,
        null,
        null,
        null,
        null,
        1,
        2,
        2,
        2,
        2,
        2,
        1,
        1,
        0,
        null,
        null,
        null,
        2,
        0,
        0,
        0,
        0,
        null,
        null,
        null,
        null,
        null,
        null,
        0,
        null,
        2,
        null,
        null,
        1,
        1,
        1,
        null,
        null,
        null,
        1,
        null,
        1,
        3,
        0,
        null,
        3,
        2,
        2,
        2,
        0,
        null,
        null,
        null,
        3,
        0,
        null,
        3,
        null,
        null,
        null,
        null
      ],
      "/home/ubuntu1404/Workspaces/kudoso/lib/kudoso_auth.rb": [
        1,
        null,
        1,
        0,
        0,
        null,
        null,
        1,
        0,
        0,
        0,
        null,
        0,
        null,
        0,
        null,
        null,
        1,
        null,
        null,
        0,
        null,
        0,
        0,
        null,
        0,
        null,
        0,
        0,
        0,
        null,
        0,
        0,
        0,
        0,
        0,
        0,
        null,
        null,
        null,
        0,
        0,
        null,
        null,
        null,
        null,
        null
      ],
      "/home/ubuntu1404/Workspaces/kudoso/app/models/activity_template.rb": [
        1,
        1,
        null,
        1,
        1,
        1,
        1,
        1,
        null,
        1,
        1,
        null,
        null
      ],
      "/home/ubuntu1404/Workspaces/kudoso/app/models/activity_type.rb": [
        1,
        1,
        1,
        1,
        null,
        1,
        null,
        1,
        1,
        null,
        null
      ],
      "/home/ubuntu1404/Workspaces/kudoso/app/models/partner.rb": [
        1,
        1,
        1,
        null,
        1,
        null,
        1,
        null,
        null,
        1,
        null,
        1,
        null,
        18,
        18,
        null,
        null
      ],
      "/home/ubuntu1404/Workspaces/kudoso/app/models/ability.rb": [
        1,
        1,
        null,
        1,
        null,
        62,
        29,
        29,
        29,
        null,
        33,
        null,
        null,
        null,
        62,
        62,
        62,
        62,
        null,
        62,
        0,
        null,
        62,
        46,
        46,
        46,
        null,
        46,
        0,
        null,
        46,
        0,
        null,
        46,
        28,
        null,
        46,
        0,
        null,
        46,
        12,
        null,
        46,
        0,
        null,
        null,
        46,
        0,
        null,
        46,
        46,
        0,
        0,
        null,
        0,
        null,
        null,
        46,
        null,
        null,
        46,
        46,
        0,
        null,
        46,
        0,
        null,
        null,
        null,
        16,
        null,
        null,
        16,
        3,
        null,
        16,
        16,
        16,
        16,
        16,
        16,
        null,
        null,
        null,
        null,
        62,
        62,
        62,
        62,
        62,
        62,
        null,
        null,
        null,
        null,
        null,
        null,
        null,
        null,
        null,
        null,
        null,
        null,
        null,
        null,
        null,
        null,
        null,
        null,
        null,
        null,
        null,
        null,
        null,
        null,
        null,
        null,
        null,
        null,
        null,
        null,
        null,
        null
      ],
      "/home/ubuntu1404/Workspaces/kudoso/app/models/my_todo.rb": [
        1,
        1,
        1,
        1,
        1,
        null,
        1,
        1,
        null,
        1,
        1,
        null,
        1,
        0,
        null,
        null,
        1,
        0,
        0,
        null,
        null,
        1,
        0,
        null,
        null,
        1,
        null,
        1,
        109,
        0,
        null,
        null,
        1,
        109,
        0,
        null,
        null,
        null,
        1,
        109,
        0,
        0,
        0,
        null,
        0,
        0,
        0,
        null,
        null,
        null,
        null,
        null
      ],
      "/home/ubuntu1404/Workspaces/kudoso/app/models/device_type.rb": [
        1,
        1,
        1,
        1,
        1,
        null,
        1,
        1,
        null,
        1,
        1,
        1,
        null,
        1,
        3,
        null,
        null
      ],
      "/home/ubuntu1404/Workspaces/kudoso/app/models/activity_device.rb": [
        1,
        1,
        1,
        1,
        1,
        null,
        1,
        1,
        null,
        null
      ],
      "/home/ubuntu1404/Workspaces/kudoso/app/models/screen_time_schedule.rb": [
        1,
        null,
        1,
        1,
        null,
        null,
        null,
        1,
        null,
        1,
        null,
        1,
        1,
        1,
        1,
        null,
        1,
        0,
        0,
        0,
        null,
        0,
        null,
        null,
        1,
        null,
        1,
        0,
        0,
        0,
        null,
        null,
        null,
        1,
        0,
        0,
        0,
        0,
        null,
        0,
        0,
        0,
        null,
        null,
        null,
        null,
        null,
        1,
        0,
        0,
        null,
        null,
        null,
        null,
        null
      ],
      "/home/ubuntu1404/Workspaces/kudoso/app/models/st_override.rb": [
        1,
        1,
        1,
        null,
        1,
        null,
        1,
        1,
        null,
        1,
        null,
        1,
        null,
        1,
        12,
        0,
        0,
        null,
        null,
        null
      ],
      "/home/ubuntu1404/Workspaces/kudoso/app/models/ledger_entry.rb": [
        1,
        1,
        null
      ],
      "/home/ubuntu1404/Workspaces/kudoso/app/models/content_type.rb": [
        1,
        null
      ],
      "/home/ubuntu1404/Workspaces/kudoso/app/models/note.rb": [
        1,
        1,
        1,
        1,
        null
      ],
      "/home/ubuntu1404/Workspaces/kudoso/app/models/note_attachment.rb": [
        1,
        1,
        null,
        1,
        null
      ],
      "/home/ubuntu1404/Workspaces/kudoso/app/models/api_key.rb": [
        1,
        1,
        null,
        1,
        1,
        1,
        null,
        1,
        26,
        26,
        null,
        null,
        1,
        null,
        1,
        null,
        16,
        16,
        16,
        null,
        null,
        null
      ],
      "/home/ubuntu1404/Workspaces/kudoso/app/models/app_member.rb": [
        1,
        1,
        1,
        1,
        null,
        1,
        null,
        1,
        0,
        null,
        null,
        null
      ],
      "/home/ubuntu1404/Workspaces/kudoso/app/models/applog.rb": [
        1,
        1,
        1,
        1,
        null
      ],
      "/home/ubuntu1404/Workspaces/kudoso/app/models/step.rb": [
        1,
        1,
        1,
        null
      ],
      "/home/ubuntu1404/Workspaces/kudoso/app/models/schedule_rrule.rb": [
        1,
        1,
        null,
        1,
        114,
        114,
        null,
        0,
        null,
        null,
        null,
        null,
        1,
        2,
        2,
        2,
        0,
        0,
        0,
        null,
        null,
        null,
        1,
        null,
        null,
        null,
        null,
        7,
        null,
        null,
        null
      ],
      "/home/ubuntu1404/Workspaces/kudoso/app/models/activity_template_device_type.rb": [
        1,
        null,
        null,
        null,
        null,
        null,
        null,
        null,
        null,
        null,
        null,
        1,
        1,
        null,
        1,
        null,
        null
      ],
      "/home/ubuntu1404/Workspaces/kudoso/app/models/app_device.rb": [
        1,
        1,
        1,
        null,
        1,
        null
      ],
      "/home/ubuntu1404/Workspaces/kudoso/app/models/api_device.rb": [
        1,
        1,
        null,
        null,
        1,
        1,
        null,
        23,
        23,
        null,
        null
      ],
      "/home/ubuntu1404/Workspaces/kudoso/app/controllers/api/v1/sessions_controller.rb": [
        1,
        1,
        1,
        1,
        null,
        1,
        1,
        1,
        1,
        1,
        1,
        1,
        1,
        null,
        null,
        null,
        null,
        null,
        null,
        null,
        null,
        null,
        null,
        null,
        null,
        null,
        null,
        null,
        null,
        null,
        null,
        null,
        null,
        null,
        null,
        1,
        1,
        1,
        1,
        1,
        1,
        null,
        null,
        1,
        1,
        1,
        1,
        1,
        14,
        null,
        14,
        14,
        0,
        0,
        null,
        null,
        14,
        0,
        0,
        null,
        null,
        14,
        null,
        14,
        14,
        14,
        null,
        14,
        1,
        1,
        1,
        1,
        1,
        1,
        1,
        null,
        null,
        null,
        1,
        null,
        null,
        0,
        0,
        0,
        null,
        null,
        0,
        0,
        0,
        null,
        null,
        0,
        0,
        0,
        null,
        null,
        null,
        13,
        null,
        13,
        13,
        13,
        13,
        null,
        null,
        null,
        null,
        null,
        null,
        0,
        0,
        null,
        null,
        null,
        0,
        0,
        null,
        null,
        null,
        null,
        null,
        null,
        0,
        0,
        0,
        null,
        null,
        null,
        null,
        null,
        null,
        null,
        null,
        null,
        1,
        0,
        null,
        null,
        null,
        1,
        1,
        1,
        0,
        0,
        0,
        0,
        0,
        0,
        null,
        null,
        null,
        null,
        null
      ],
      "/home/ubuntu1404/Workspaces/kudoso/app/controllers/api_controller.rb": [
        1,
        1,
        1,
        1,
        1,
        1,
        null,
        1,
        26,
        26,
        26,
        26,
        26,
        26,
        0,
        null,
        26,
        null,
        0,
        null,
        null,
        null,
        26,
        26,
        26,
        26,
        26,
        null,
        0,
        0,
        0,
        null,
        null,
        null,
        null,
        null,
        null,
        null
      ],
      "/home/ubuntu1404/Workspaces/kudoso/app/controllers/api/v1/activity_templates_controller.rb": [
        1,
        1,
        1,
        null,
        null,
        1,
        1,
        1,
        1,
        1,
        1,
        1,
        1,
        null,
        null,
        null,
        null,
        null,
        null,
        null,
        null,
        null,
        1,
        1,
        2,
        2,
        2,
        2,
        2,
        null,
        null,
        0,
        0,
        null,
        null,
        null,
        0,
        0,
        0,
        null,
        0,
        0,
        null,
        null,
        null,
        1,
        1,
        1,
        1,
        1,
        1,
        1,
        1,
        null,
        null,
        0,
        0,
        null,
        null,
        null,
        0,
        0,
        0,
        null,
        0,
        0,
        null,
        null,
        null,
        null,
        null,
        null,
        null
      ],
      "/home/ubuntu1404/Workspaces/kudoso/app/controllers/api/v1/avatars_controller.rb": [
        1,
        1,
        1,
        null,
        1,
        1,
        1,
        1,
        1,
        1,
        1,
        null,
        null,
        null,
        null,
        null,
        1,
        1,
        1,
        1,
        null,
        null,
        null,
        null,
        null
      ],
      "/home/ubuntu1404/Workspaces/kudoso/app/controllers/api/v1/devices_controller.rb": [
        1,
        1,
        1,
        null,
        1,
        null,
        1,
        1,
        1,
        1,
        1,
        1,
        1,
        1,
        1,
        1,
        null,
        null,
        null,
        null,
        null,
        null,
        null,
        null,
        1,
        3,
        3,
        3,
        3,
        3,
        3,
        3,
        null,
        null,
        1,
        1,
        1,
        1,
        1,
        1,
        1,
        1,
        1,
        4,
        4,
        4,
        1,
        1,
        null,
        null,
        3,
        3,
        1,
        1,
        1,
        null,
        null,
        2,
        1,
        1,
        null,
        null,
        1,
        null,
        1,
        1,
        1,
        1,
        1,
        1,
        1,
        1,
        1,
        null,
        1,
        null,
        1,
        null,
        0,
        0,
        null,
        null,
        null,
        null,
        0,
        0,
        0,
        null,
        0,
        0,
        null,
        null,
        null,
        null,
        null,
        null,
        1,
        1,
        1,
        1,
        1,
        1,
        1,
        4,
        4,
        4,
        1,
        1,
        null,
        null,
        3,
        3,
        1,
        1,
        1,
        null,
        null,
        2,
        1,
        1,
        null,
        null,
        1,
        null,
        1,
        1,
        null,
        1,
        1,
        1,
        null,
        0,
        null,
        null,
        null,
        1,
        1,
        1,
        1,
        1,
        1,
        1,
        null,
        null,
        0,
        null,
        null,
        null,
        null,
        null,
        1,
        null,
        0,
        0,
        0,
        null,
        0,
        0,
        null,
        null,
        null,
        null,
        null,
        null,
        1,
        1,
        2,
        2,
        2,
        2,
        1,
        1,
        null,
        1,
        1,
        null,
        null,
        0,
        0,
        0,
        null,
        0,
        0,
        null,
        null,
        null,
        1,
        1,
        3,
        3,
        3,
        3,
        2,
        1,
        null,
        1,
        1,
        null,
        null,
        1,
        1,
        1,
        null,
        0,
        0,
        null,
        null,
        null,
        null,
        1,
        1,
        1,
        3,
        3,
        3,
        3,
        3,
        3,
        3,
        3,
        null,
        0,
        0,
        null,
        null,
        null,
        0,
        0,
        null,
        null,
        0,
        0,
        0,
        null,
        0,
        0,
        null,
        null,
        null,
        null,
        1,
        1,
        1,
        0,
        0,
        0,
        0,
        0,
        null,
        0,
        0,
        null,
        0,
        0,
        null,
        null,
        null,
        0,
        0,
        null,
        null,
        0,
        0,
        0,
        null,
        0,
        0,
        null,
        null,
        null,
        null,
        null,
        1,
        1,
        1,
        0,
        0,
        0,
        0,
        0,
        0,
        0,
        null,
        0,
        0,
        null,
        null,
        null,
        0,
        0,
        null,
        null,
        0,
        0,
        0,
        null,
        0,
        0,
        null,
        null,
        null,
        null,
        1,
        1,
        1,
        1,
        1,
        1,
        0,
        0,
        0,
        0,
        0,
        0,
        0,
        null,
        null,
        0,
        0,
        0,
        0,
        null,
        null,
        0,
        null,
        null,
        0,
        null,
        null,
        null,
        1,
        1,
        0,
        0,
        0,
        0,
        0,
        0,
        0,
        0,
        null,
        0,
        0,
        0,
        0,
        0,
        null,
        0,
        null,
        null,
        0,
        0,
        0,
        null,
        0,
        0,
        null,
        null,
        null,
        1,
        1,
        1,
        1,
        2,
        2,
        2,
        2,
        2,
        0,
        0,
        0,
        null,
        2,
        2,
        0,
        0,
        0,
        null,
        null,
        null,
        2,
        2,
        6,
        null,
        1,
        null,
        2,
        2,
        null,
        0,
        0,
        null,
        null,
        null,
        null,
        0,
        0,
        0,
        null,
        0,
        0,
        null,
        null,
        null,
        1,
        1,
        1,
        1,
        1,
        1,
        0,
        0,
        0,
        0,
        0,
        0,
        0,
        0,
        null,
        0,
        0,
        0,
        0,
        0,
        null,
        null,
        null,
        0,
        0,
        0,
        0,
        0,
        0,
        0,
        0,
        0,
        null,
        0,
        0,
        null,
        null,
        null,
        null,
        0,
        0,
        0,
        null,
        null,
        null,
        0,
        0,
        null,
        0,
        0,
        null,
        null,
        null,
        null,
        0,
        0,
        0,
        null,
        0,
        0,
        null,
        null,
        null,
        null,
        1,
        null,
        null,
        1,
        6,
        6,
        null,
        null,
        null,
        null,
        1,
        5,
        null,
        null,
        1,
        6,
        6,
        6,
        6,
        6,
        6,
        6,
        6,
        6,
        0,
        null,
        6,
        null,
        0,
        null,
        null,
        null,
        null,
        null
      ],
      "/home/ubuntu1404/Workspaces/kudoso/app/controllers/api/v1/ledger_controller.rb": [
        1,
        1,
        1,
        null,
        null,
        null,
        1,
        1,
        1,
        1,
        1,
        1,
        1,
        1,
        null,
        null,
        null,
        null,
        null,
        null,
        1,
        1,
        1,
        1,
        1,
        1,
        1,
        1,
        1,
        1,
        1,
        1,
        1,
        null,
        0,
        0,
        null,
        null,
        0,
        0,
        0,
        null,
        0,
        0,
        null,
        null,
        null,
        null,
        null,
        null,
        null
      ],
      "/home/ubuntu1404/Workspaces/kudoso/app/controllers/api/v1/todo_schedules_controller.rb": [
        1,
        1,
        1,
        null,
        1,
        1,
        1,
        1,
        1,
        1,
        1,
        1,
        null,
        null,
        null,
        null,
        null,
        null,
        null,
        null,
        null,
        null,
        null,
        null,
        1,
        1,
        1,
        1,
        1,
        1,
        null,
        null,
        1,
        null,
        1,
        null,
        0,
        0,
        null,
        null,
        0,
        0,
        0,
        null,
        0,
        0,
        null,
        null,
        null,
        1,
        1,
        0,
        0,
        0,
        0,
        0,
        null,
        null,
        0,
        null,
        0,
        null,
        0,
        0,
        null,
        null,
        0,
        0,
        0,
        null,
        0,
        0,
        null,
        null,
        null,
        null,
        1,
        1,
        1,
        1,
        1,
        1,
        1,
        1,
        1,
        1,
        1,
        1,
        1,
        1,
        1,
        1,
        1,
        1,
        1,
        2,
        2,
        2,
        2,
        null,
        null,
        1,
        null,
        0,
        0,
        null,
        null,
        0,
        0,
        null,
        null,
        null,
        0,
        0,
        0,
        null,
        0,
        0,
        null,
        null,
        null,
        1,
        1,
        1,
        1,
        1,
        1,
        1,
        null,
        null,
        1,
        1,
        1,
        1,
        1,
        null,
        0,
        0,
        null,
        null,
        null,
        null,
        0,
        0,
        0,
        null,
        0,
        0,
        null,
        null,
        null,
        null,
        1,
        1,
        1,
        1,
        1,
        1,
        null,
        null,
        1,
        1,
        1,
        null,
        0,
        0,
        null,
        null,
        null,
        null,
        0,
        0,
        0,
        null,
        0,
        0,
        null,
        null,
        null,
        null,
        null,
        null,
        null
      ],
      "/home/ubuntu1404/Workspaces/kudoso/app/controllers/api/v1/todo_templates_controller.rb": [
        1,
        1,
        1,
        null,
        1,
        1,
        1,
        1,
        1,
        1,
        1,
        1,
        null,
        null,
        null,
        null,
        null,
        null,
        null,
        null,
        null,
        null,
        null,
        null,
        null,
        null,
        null,
        null,
        null,
        null,
        null,
        null,
        1,
        1,
        1,
        3,
        3,
        2,
        2,
        2,
        2,
        2,
        null,
        0,
        0,
        null,
        0,
        0,
        0,
        null,
        0,
        0,
        null,
        null,
        1,
        1,
        null,
        null,
        null,
        null,
        null,
        1,
        1,
        1,
        1,
        1,
        1,
        null,
        null,
        0,
        0,
        0,
        null,
        0,
        0,
        null,
        null,
        null,
        null,
        1,
        1,
        2,
        2,
        2,
        2,
        2,
        null,
        2,
        2,
        2,
        null,
        null,
        null,
        0,
        0,
        0,
        null,
        0,
        0,
        null,
        null,
        null,
        1,
        1,
        1,
        1,
        1,
        1,
        1,
        null,
        1,
        1,
        1,
        null,
        null,
        null,
        0,
        0,
        0,
        null,
        0,
        0,
        null,
        null,
        null,
        null,
        null,
        null
      ],
      "/home/ubuntu1404/Workspaces/kudoso/app/controllers/api/v1/users_controller.rb": [
        1,
        1,
        1,
        1,
        null,
        1,
        1,
        1,
        1,
        1,
        1,
        1,
        1,
        null,
        null,
        null,
        null,
        null,
        null,
        null,
        1,
        1,
        1,
        1,
        1,
        1,
        1,
        null,
        0,
        0,
        null,
        null,
        0,
        0,
        0,
        null,
        0,
        0,
        null,
        null,
        null,
        null,
        1,
        1,
        1,
        1,
        1,
        1,
        1,
        5,
        5,
        5,
        5,
        1,
        1,
        null,
        null,
        4,
        0,
        0,
        null,
        null,
        4,
        null,
        4,
        4,
        2,
        null,
        null,
        null,
        null,
        null,
        2,
        2,
        null,
        null,
        null,
        null,
        null,
        0,
        0,
        null,
        null,
        null,
        null,
        1,
        1,
        1,
        1,
        1,
        1,
        1,
        1,
        1,
        1,
        1,
        null,
        null,
        0,
        0,
        null,
        null,
        null,
        0,
        0,
        null,
        null,
        null,
        null,
        1,
        1,
        1,
        2,
        2,
        2,
        1,
        1,
        null,
        1,
        1,
        null,
        null,
        null,
        1,
        null,
        1,
        1,
        null,
        null,
        null,
        1,
        5,
        null,
        null,
        null,
        null,
        null,
        null
      ],
      "/home/ubuntu1404/Workspaces/kudoso/app/controllers/partners_controller.rb": [
        1,
        1,
        null,
        null,
        null,
        1,
        1,
        null,
        null,
        null,
        null,
        1,
        null,
        null,
        null,
        1,
        0,
        null,
        null,
        null,
        1,
        null,
        null,
        null,
        null,
        1,
        0,
        null,
        0,
        0,
        0,
        0,
        null,
        0,
        0,
        null,
        null,
        null,
        null,
        null,
        null,
        1,
        0,
        0,
        0,
        0,
        null,
        0,
        0,
        null,
        null,
        null,
        null,
        null,
        null,
        1,
        0,
        0,
        0,
        0,
        null,
        null,
        null,
        1,
        null,
        1,
        0,
        null,
        null,
        null,
        1,
        0,
        null,
        null
      ],
      "/home/ubuntu1404/Workspaces/kudoso/app/models/contact_type.rb": [
        1,
        1,
        null
      ],
      "/home/ubuntu1404/Workspaces/kudoso/app/controllers/users/sessions_controller.rb": [
        1,
        1,
        null,
        1,
        0,
        0,
        0,
        0,
        0,
        null,
        null,
        null,
        null,
        1,
        null,
        null,
        null,
        1,
        null,
        0,
        null,
        null
      ]
    },
    "timestamp": 1450130438
  },
  "(2/2)": {
    "coverage": {
      "/home/ubuntu1404/Workspaces/kudoso/app/controllers/activity_templates_controller.rb": [
        1,
        1,
        null,
        1,
        null,
        1,
        2,
        2,
        null,
        null,
        1,
        2,
        null,
        null,
        1,
        1,
        1,
        null,
        null,
        1,
        null,
        null,
        1,
        5,
        5,
        5,
        null,
        null,
        1,
        5,
        5,
        null,
        null,
        1,
        2,
        null,
        2,
        null,
        null,
        1,
        null,
        null,
        1,
        29,
        null,
        null
      ],
      "/home/ubuntu1404/Workspaces/kudoso/app/controllers/application_controller.rb": [
        1,
        null,
        null,
        1,
        null,
        1,
        null,
        1,
        null,
        1,
        180,
        180,
        180,
        null,
        null,
        1,
        null,
        1,
        1,
        null,
        1,
        0,
        0,
        null,
        0,
        0,
        null,
        0,
        null,
        null,
        null,
        null,
        1,
        0,
        0,
        null,
        0,
        null,
        null,
        null,
        1,
        0,
        0,
        0,
        0,
        0,
        0,
        null,
        0,
        null,
        null,
        1,
        0,
        0,
        0,
        0,
        0,
        0,
        null,
        0,
        null,
        null,
        null,
        null,
        1,
        29,
        18,
        null,
        11,
        null,
        29,
        null,
        29,
        29,
        null,
        null,
        1,
        0,
        0,
        0,
        null,
        null,
        1,
        0,
        0,
        0,
        0,
        0,
        null,
        null,
        null,
        1,
        316,
        231,
        null,
        85,
        null,
        null,
        null,
        1,
        57,
        57,
        57,
        57,
        57,
        null,
        null,
        1,
        0,
        null,
        null,
        1,
        null,
        1,
        0,
        null,
        null,
        1,
        null,
        1,
        180,
        0,
        0,
        null,
        null,
        null,
        1,
        122,
        122,
        0,
        0,
        null,
        null,
        null,
        null,
        1,
        0,
        0,
        0,
        0,
        0,
        0,
        null,
        null,
        null,
        null,
        null
      ],
      "/home/ubuntu1404/Workspaces/kudoso/app/controllers/content_descriptors_controller.rb": [
        1,
        1,
        null,
        1,
        null,
        1,
        0,
        0,
        null,
        null,
        1,
        0,
        null,
        null,
        1,
        1,
        1,
        null,
        null,
        1,
        null,
        null,
        1,
        0,
        0,
        0,
        null,
        null,
        1,
        0,
        0,
        null,
        null,
        1,
        0,
        0,
        null,
        null,
        1,
        1,
        0,
        null,
        null,
        1,
        0,
        null,
        null
      ],
      "/home/ubuntu1404/Workspaces/kudoso/app/controllers/content_ratings_controller.rb": [
        1,
        1,
        null,
        1,
        null,
        1,
        0,
        0,
        null,
        null,
        1,
        0,
        null,
        null,
        1,
        1,
        1,
        null,
        null,
        1,
        null,
        null,
        1,
        0,
        0,
        0,
        null,
        null,
        1,
        0,
        0,
        null,
        null,
        1,
        0,
        0,
        null,
        null,
        1,
        1,
        0,
        null,
        null,
        1,
        0,
        null,
        null
      ],
      "/home/ubuntu1404/Workspaces/kudoso/app/controllers/contents_controller.rb": [
        1,
        1,
        null,
        1,
        null,
        1,
        0,
        0,
        null,
        null,
        1,
        0,
        null,
        null,
        1,
        1,
        1,
        null,
        null,
        1,
        null,
        null,
        1,
        0,
        0,
        0,
        null,
        null,
        1,
        0,
        0,
        null,
        null,
        1,
        0,
        0,
        null,
        null,
        1,
        1,
        0,
        null,
        null,
        1,
        0,
        null,
        null
      ],
      "/home/ubuntu1404/Workspaces/kudoso/app/controllers/devices_controller.rb": [
        1,
        1,
        1,
        1,
        null,
        1,
        null,
        1,
        1,
        1,
        null,
        null,
        1,
        1,
        null,
        null,
        1,
        1,
        1,
        null,
        null,
        1,
        null,
        null,
        1,
        5,
        5,
        5,
        5,
        null,
        null,
        1,
        5,
        5,
        5,
        null,
        null,
        1,
        2,
        2,
        null,
        null,
        1,
        null,
        null,
        1,
        25,
        null,
        null
      ],
      "/home/ubuntu1404/Workspaces/kudoso/app/controllers/my_todos_controller.rb": [
        1,
        1,
        1,
        1,
        null,
        1,
        null,
        1,
        1,
        1,
        null,
        null,
        1,
        1,
        null,
        null,
        1,
        1,
        1,
        1,
        null,
        null,
        1,
        null,
        null,
        1,
        6,
        6,
        null,
        1,
        1,
        null,
        null,
        6,
        5,
        null,
        5,
        5,
        3,
        6,
        3,
        null,
        2,
        2,
        4,
        2,
        null,
        null,
        null,
        1,
        1,
        null,
        null,
        null,
        null,
        null,
        1,
        5,
        5,
        3,
        3,
        6,
        3,
        null,
        4,
        2,
        null,
        null,
        null,
        null,
        1,
        2,
        2,
        null,
        null,
        1,
        null,
        1,
        27,
        null,
        null
      ],
      "/home/ubuntu1404/Workspaces/kudoso/app/controllers/partners_controller.rb": [
        1,
        1,
        null,
        null,
        null,
        1,
        0,
        null,
        null,
        null,
        null,
        1,
        null,
        null,
        null,
        1,
        1,
        null,
        null,
        null,
        1,
        null,
        null,
        null,
        null,
        1,
        0,
        null,
        0,
        0,
        0,
        0,
        null,
        0,
        0,
        null,
        null,
        null,
        null,
        null,
        null,
        1,
        0,
        0,
        0,
        0,
        null,
        0,
        0,
        null,
        null,
        null,
        null,
        null,
        null,
        1,
        0,
        0,
        0,
        0,
        null,
        null,
        null,
        1,
        null,
        1,
        0,
        null,
        null,
        null,
        1,
        0,
        null,
        null
      ],
      "/home/ubuntu1404/Workspaces/kudoso/app/controllers/admin/router_firmwares_controller.rb": [
        1,
        1,
        null,
        null,
        null,
        1,
        0,
        null,
        null,
        null,
        null,
        1,
        null,
        null,
        null,
        1,
        0,
        null,
        null,
        null,
        1,
        null,
        null,
        null,
        null,
        1,
        0,
        null,
        0,
        0,
        0,
        0,
        null,
        0,
        0,
        null,
        null,
        null,
        null,
        null,
        null,
        1,
        0,
        0,
        0,
        0,
        null,
        0,
        0,
        null,
        null,
        null,
        null,
        null,
        null,
        1,
        0,
        0,
        0,
        0,
        null,
        null,
        null,
        1,
        null,
        1,
        0,
        null,
        null,
        null,
        1,
        0,
        null,
        null
      ],
      "/home/ubuntu1404/Workspaces/kudoso/app/controllers/admin_controller.rb": [
        null,
        1,
        1,
        1,
        1,
        null,
        1,
        0,
        null,
        null,
        1,
        1,
        0,
        0,
        0,
        null,
        null,
        null
      ],
      "/home/ubuntu1404/Workspaces/kudoso/app/controllers/screen_times_controller.rb": [
        1,
        1,
        1,
        1,
        null,
        1,
        null,
        1,
        2,
        2,
        null,
        null,
        1,
        2,
        null,
        null,
        1,
        1,
        1,
        null,
        null,
        1,
        null,
        null,
        1,
        6,
        0,
        0,
        0,
        0,
        null,
        0,
        6,
        1,
        1,
        8,
        8,
        null,
        1,
        null,
        null,
        5,
        5,
        5,
        5,
        5,
        3,
        null,
        2,
        null,
        null,
        null,
        null,
        null,
        1,
        7,
        2,
        2,
        2,
        2,
        0,
        0,
        0,
        0,
        0,
        0,
        null,
        0,
        0,
        0,
        null,
        null,
        null,
        0,
        0,
        2,
        2,
        2,
        2,
        2,
        1,
        1,
        null,
        2,
        1,
        1,
        null,
        null,
        2,
        2,
        null,
        null,
        null,
        5,
        3,
        null,
        2,
        null,
        null,
        null,
        null,
        null,
        1,
        2,
        2,
        null,
        null,
        1,
        null,
        1,
        32,
        null,
        null
      ],
      "/home/ubuntu1404/Workspaces/kudoso/app/controllers/todo_schedules_controller.rb": [
        1,
        1,
        1,
        1,
        null,
        null,
        null,
        1,
        null,
        1,
        2,
        2,
        null,
        null,
        1,
        0,
        null,
        null,
        1,
        null,
        null,
        1,
        4,
        4,
        4,
        4,
        null,
        4,
        8,
        null,
        null,
        null,
        1,
        5,
        5,
        5,
        5,
        5,
        null,
        5,
        0,
        0,
        null,
        5,
        4,
        null,
        1,
        null,
        5,
        null,
        null,
        5,
        3,
        0,
        0,
        0,
        null,
        null,
        2,
        null,
        null,
        null,
        5,
        10,
        null,
        null,
        null,
        1,
        3,
        1,
        null,
        2,
        null,
        null,
        3,
        6,
        null,
        null,
        null,
        1,
        null,
        1,
        30,
        null,
        null
      ],
      "/home/ubuntu1404/Workspaces/kudoso/app/controllers/todo_templates_controller.rb": [
        1,
        1,
        null,
        1,
        null,
        1,
        1,
        1,
        null,
        null,
        1,
        0,
        null,
        null,
        1,
        0,
        0,
        null,
        null,
        1,
        null,
        null,
        1,
        0,
        null,
        0,
        0,
        0,
        0,
        null,
        0,
        0,
        null,
        null,
        null,
        null,
        1,
        0,
        0,
        0,
        0,
        null,
        0,
        0,
        null,
        null,
        null,
        null,
        1,
        0,
        null,
        0,
        null,
        null,
        1,
        null,
        null,
        1,
        8,
        null,
        null
      ],
      "/home/ubuntu1404/Workspaces/kudoso/app/models/activity.rb": [
        1,
        null,
        null,
        null,
        1,
        null,
        1,
        1,
        1,
        1,
        1,
        1,
        null,
        1,
        1,
        1,
        1,
        1,
        1,
        1,
        null,
        1,
        null,
        1,
        null,
        null,
        null,
        null,
        null,
        null,
        null,
        null,
        null,
        13,
        13,
        null,
        null,
        1,
        0,
        null,
        null,
        1,
        5,
        4,
        null,
        2,
        2,
        2,
        2,
        2,
        2,
        2,
        1,
        1,
        0,
        null,
        null,
        2,
        0,
        0,
        0,
        0,
        null,
        null,
        2,
        0,
        0,
        null,
        null,
        2,
        null,
        null,
        0,
        null,
        null,
        null,
        null,
        1,
        1,
        1,
        1,
        1,
        1,
        0,
        0,
        0,
        null,
        null,
        null,
        1,
        0,
        0,
        0,
        0,
        null,
        null,
        null,
        null,
        null,
        null,
        0,
        null,
        1,
        null,
        null,
        1,
        0,
        0,
        null,
        null,
        null,
        1,
        null,
        1,
        4,
        1,
        null,
        3,
        2,
        2,
        2,
        1,
        null,
        null,
        null,
        2,
        0,
        null,
        2,
        null,
        null,
        null,
        null
      ],
      "/home/ubuntu1404/Workspaces/kudoso/lib/kudoso_auth.rb": [
        1,
        null,
        1,
        0,
        0,
        null,
        null,
        1,
        0,
        0,
        0,
        null,
        0,
        null,
        0,
        null,
        null,
        1,
        null,
        null,
        0,
        null,
        0,
        0,
        null,
        0,
        null,
        0,
        0,
        0,
        null,
        0,
        0,
        0,
        0,
        0,
        0,
        null,
        null,
        null,
        0,
        0,
        null,
        null,
        null,
        null,
        null
      ],
      "/home/ubuntu1404/Workspaces/kudoso/app/models/activity_template_device_type.rb": [
        1,
        null,
        null,
        null,
        null,
        null,
        null,
        null,
        null,
        null,
        null,
        1,
        1,
        null,
        1,
        null,
        null
      ],
      "/home/ubuntu1404/Workspaces/kudoso/app/models/activity_template.rb": [
        1,
        1,
        null,
        1,
        1,
        1,
        1,
        1,
        null,
        1,
        1,
        null,
        null
      ],
      "/home/ubuntu1404/Workspaces/kudoso/app/helpers/not_deleteable.rb": [
        1,
        1,
        2,
        0,
        null,
        null,
        2,
        null,
        null,
        null,
        1,
        0,
        null,
        null,
        null,
        1,
        2,
        197,
        null,
        null,
        null,
        null,
        null,
        1,
        1,
        0,
        null,
        null
      ],
      "/home/ubuntu1404/Workspaces/kudoso/app/models/activity_type.rb": [
        1,
        1,
        1,
        1,
        null,
        1,
        null,
        1,
        1,
        null,
        null
      ],
      "/home/ubuntu1404/Workspaces/kudoso/app/models/address_type.rb": [
        1,
        null
      ],
      "/home/ubuntu1404/Workspaces/kudoso/app/models/app_device.rb": [
        1,
        1,
        1,
        null,
        1,
        null
      ],
      "/home/ubuntu1404/Workspaces/kudoso/app/models/app_member.rb": [
        1,
        1,
        1,
        1,
        null,
        1,
        null,
        1,
        0,
        null,
        null,
        null
      ],
      "/home/ubuntu1404/Workspaces/kudoso/app/models/applog.rb": [
        1,
        1,
        1,
        1,
        null
      ],
      "/home/ubuntu1404/Workspaces/kudoso/app/models/avatar.rb": [
        1,
        null,
        1,
        null,
        1,
        1,
        null,
        1,
        null,
        1,
        0,
        null,
        null,
        1,
        0,
        0,
        0,
        0,
        0,
        0,
        null,
        0,
        null,
        null
      ],
      "/home/ubuntu1404/Workspaces/kudoso/app/models/contact_type.rb": [
        1,
        1,
        null
      ],
      "/home/ubuntu1404/Workspaces/kudoso/app/models/content_type.rb": [
        1,
        null
      ],
      "/home/ubuntu1404/Workspaces/kudoso/app/models/device_type.rb": [
        1,
        1,
        1,
        1,
        1,
        null,
        1,
        1,
        null,
        1,
        1,
        1,
        null,
        1,
        14,
        null,
        null
      ],
      "/home/ubuntu1404/Workspaces/kudoso/app/models/ledger_entry.rb": [
        1,
        1,
        null
      ],
      "/home/ubuntu1404/Workspaces/kudoso/app/models/my_todo.rb": [
        1,
        1,
        1,
        1,
        1,
        null,
        1,
        1,
        null,
        1,
        1,
        null,
        1,
        13,
        null,
        null,
        1,
        1,
        1,
        null,
        null,
        1,
        13,
        null,
        null,
        1,
        null,
        1,
        53,
        2,
        null,
        null,
        1,
        53,
        4,
        null,
        null,
        null,
        1,
        46,
        24,
        4,
        4,
        null,
        20,
        1,
        1,
        null,
        null,
        null,
        null,
        null
      ],
      "/home/ubuntu1404/Workspaces/kudoso/app/models/note_attachment.rb": [
        1,
        1,
        null,
        1,
        null
      ],
      "/home/ubuntu1404/Workspaces/kudoso/app/models/note.rb": [
        1,
        1,
        1,
        1,
        null
      ],
      "/home/ubuntu1404/Workspaces/kudoso/app/models/partner.rb": [
        1,
        1,
        1,
        null,
        1,
        null,
        1,
        null,
        null,
        1,
        null,
        1,
        null,
        36,
        36,
        null,
        null
      ],
      "/home/ubuntu1404/Workspaces/kudoso/app/models/payment.rb": [
        1,
        1,
        null,
        1,
        0,
        0,
        0,
        null,
        null,
        null
      ],
      "/home/ubuntu1404/Workspaces/kudoso/app/models/phone_type.rb": [
        1,
        1,
        null
      ],
      "/home/ubuntu1404/Workspaces/kudoso/app/models/plug.rb": [
        1,
        null,
        1,
        1,
        1,
        null,
        1,
        null,
        1,
        11,
        null,
        null,
        1,
        2,
        2,
        2,
        null,
        null,
        1,
        null,
        1,
        7,
        null,
        null,
        null
      ],
      "/home/ubuntu1404/Workspaces/kudoso/app/models/router_firmware.rb": [
        1,
        1,
        1,
        null,
        1,
        null,
        1,
        1,
        1,
        null,
        1,
        7,
        0,
        null,
        null,
        null,
        1,
        0,
        null,
        null
      ],
      "/home/ubuntu1404/Workspaces/kudoso/app/models/router.rb": [
        1,
        1,
        1,
        1,
        null,
        1,
        null,
        1,
        1,
        null,
        1,
        5,
        null,
        null,
        1,
        0,
        0,
        0,
        null,
        null,
        1,
        0,
        null,
        null,
        1,
        5,
        null,
        null
      ],
      "/home/ubuntu1404/Workspaces/kudoso/app/models/schedule_rrule.rb": [
        1,
        1,
        null,
        1,
        7,
        7,
        null,
        0,
        null,
        null,
        null,
        null,
        1,
        4,
        4,
        3,
        1,
        1,
        1,
        null,
        null,
        null,
        1,
        null,
        null,
        null,
        null,
        2,
        null,
        null,
        null
      ],
      "/home/ubuntu1404/Workspaces/kudoso/app/models/screen_time_schedule.rb": [
        1,
        null,
        1,
        1,
        null,
        null,
        null,
        1,
        null,
        1,
        null,
        1,
        1,
        1,
        1,
        null,
        1,
        0,
        0,
        0,
        null,
        0,
        null,
        null,
        1,
        null,
        1,
        0,
        0,
        0,
        null,
        null,
        null,
        1,
        0,
        0,
        0,
        0,
        null,
        0,
        0,
        0,
        null,
        null,
        null,
        null,
        null,
        1,
        0,
        0,
        null,
        null,
        null,
        null,
        null
      ],
      "/home/ubuntu1404/Workspaces/kudoso/app/models/st_override.rb": [
        1,
        1,
        1,
        null,
        2,
        null,
        1,
        1,
        null,
        1,
        null,
        1,
        null,
        1,
        18,
        0,
        0,
        null,
        null,
        null
      ],
      "/home/ubuntu1404/Workspaces/kudoso/app/models/step.rb": [
        1,
        1,
        1,
        null
      ],
      "/home/ubuntu1404/Workspaces/kudoso/app/models/family.rb": [
        1,
        1,
        1,
        1,
        1,
        1,
        1,
        1,
        1,
        1,
        1,
        null,
        1,
        null,
        244,
        null,
        1,
        null,
        1,
        1,
        null,
        null,
        1,
        30,
        null,
        null,
        1,
        30,
        30,
        4,
        null,
        30,
        null,
        null,
        1,
        0,
        null,
        null,
        1,
        1,
        1,
        1,
        1,
        1,
        1,
        1,
        1,
        null,
        null,
        null,
        null,
        1,
        null,
        null,
        null,
        1,
        11,
        null,
        31,
        11,
        11,
        11,
        11,
        11,
        null,
        null,
        null,
        11,
        11,
        11,
        null,
        31,
        11,
        11,
        11,
        11,
        null,
        0,
        null,
        null,
        null,
        null,
        11,
        null,
        null,
        1,
        0,
        0,
        null,
        0,
        0,
        0,
        0,
        0,
        0,
        null,
        0,
        0,
        null,
        0,
        null,
        null,
        0,
        null,
        null,
        null,
        null,
        0,
        null,
        0,
        0,
        null,
        null,
        null,
        1,
        0,
        null,
        null,
        null,
        1,
        0,
        null,
        0,
        0,
        null,
        null,
        0,
        null,
        null,
        1,
        0,
        0,
        0,
        0,
        null,
        null,
        1,
        null,
        0,
        null,
        null,
        1,
        1,
        1,
        1,
        null,
        0,
        null,
        null,
        null,
        1,
        0,
        0,
        0,
        null,
        0,
        null,
        null,
        null,
        1,
        1,
        1,
        null,
        null,
        1,
        0,
        0,
        0,
        null,
        0,
        0,
        null,
        0,
        null,
        null,
        1,
        null,
        1,
        2214,
        246,
        null,
        null,
        null,
        null,
        null
      ],
      "/home/ubuntu1404/Workspaces/kudoso/app/models/theme.rb": [
        1,
        1,
        null,
        1,
        null,
        1,
        null,
        1,
        0,
        null,
        null,
        1,
        null,
        1,
        219,
        219,
        0,
        0,
        null,
        null,
        null
      ],
      "/home/ubuntu1404/Workspaces/kudoso/app/models/screen_time.rb": [
        1,
        null,
        1,
        null,
        1,
        null,
        1,
        null,
        null,
        1,
        1,
        null,
        1,
        null,
        null,
        1,
        1,
        null,
        1,
        2006,
        null,
        null,
        1,
        1,
        null,
        1,
        1870,
        0,
        0,
        null,
        1870,
        null,
        null,
        null,
        null,
        1,
        1866,
        1848,
        null,
        null,
        null
      ],
      "/home/ubuntu1404/Workspaces/kudoso/app/models/ability.rb": [
        1,
        1,
        null,
        1,
        null,
        117,
        71,
        71,
        71,
        null,
        46,
        null,
        null,
        null,
        117,
        117,
        117,
        117,
        null,
        117,
        16,
        null,
        101,
        80,
        80,
        66,
        null,
        80,
        0,
        null,
        80,
        15,
        null,
        80,
        36,
        null,
        80,
        18,
        null,
        80,
        0,
        null,
        80,
        0,
        null,
        null,
        80,
        16,
        null,
        80,
        80,
        13,
        13,
        null,
        0,
        null,
        null,
        80,
        null,
        null,
        80,
        80,
        0,
        null,
        80,
        0,
        null,
        null,
        null,
        21,
        null,
        null,
        21,
        0,
        null,
        21,
        21,
        21,
        21,
        21,
        21,
        null,
        null,
        null,
        null,
        101,
        101,
        101,
        101,
        101,
        101,
        null,
        null,
        null,
        null,
        null,
        null,
        null,
        null,
        null,
        null,
        null,
        null,
        null,
        null,
        null,
        null,
        null,
        null,
        null,
        null,
        null,
        null,
        null,
        null,
        null,
        null,
        null,
        null,
        null,
        null,
        null,
        null
      ],
      "/home/ubuntu1404/Workspaces/kudoso/app/models/device.rb": [
        1,
        1,
        1,
        1,
        1,
        1,
        1,
        null,
        1,
        1,
        1,
        1,
        1,
        1,
        1,
        1,
        null,
        1,
        null,
        1,
        null,
        1,
        null,
        null,
        1,
        38,
        38,
        null,
        null,
        1,
        45,
        45,
        45,
        40,
        null,
        null,
        null,
        1,
        null,
        1,
        1,
        null,
        1,
        null,
        1,
        null,
        null,
        null,
        null,
        null,
        null,
        null,
        null,
        null,
        0,
        0,
        null,
        null,
        1,
        0,
        null,
        null,
        1,
        0,
        0,
        0,
        null,
        null,
        null,
        null,
        null,
        null,
        1,
        0,
        null,
        null,
        1,
        0,
        null,
        0,
        0,
        null,
        0,
        null,
        null,
        1,
        0,
        0,
        0,
        0,
        0,
        0,
        null,
        null,
        1,
        0,
        null,
        null,
        1,
        0,
        null,
        null,
        1,
        0,
        null,
        null
      ],
      "/home/ubuntu1404/Workspaces/kudoso/app/models/todo.rb": [
        1,
        1,
        1,
        1,
        1,
        1,
        null,
        1,
        null,
        1,
        1,
        null,
        1,
        13,
        null,
        null,
        1,
        null,
        1,
        119,
        null,
        null
      ],
      "/home/ubuntu1404/Workspaces/kudoso/app/models/todo_schedule.rb": [
        1,
        1,
        1,
        1,
        1,
        1,
        1,
        null,
        1,
        null,
        1,
        1,
        null,
        1,
        null,
        1,
        0,
        null,
        null,
        1,
        1,
        1,
        1,
        1,
        1,
        null,
        1,
        null,
        null,
        1,
        0,
        null,
        null,
        1,
        5,
        0,
        0,
        0,
        null,
        5,
        null,
        null,
        null,
        1,
        null,
        1,
        61,
        0,
        null,
        61,
        3,
        null,
        null,
        null,
        1,
        60,
        1,
        null,
        null,
        null,
        1,
        1,
        0,
        null,
        null,
        null,
        1,
        212,
        null,
        null,
        null,
        null
      ],
      "/home/ubuntu1404/Workspaces/kudoso/app/models/todo_template.rb": [
        1,
        1,
        null,
        1,
        1,
        null,
        1,
        null,
        1,
        1,
        null,
        1,
        null,
        1,
        1,
        null,
        1,
        1,
        null,
        null,
        1,
        0,
        null,
        null,
        1,
        59,
        59,
        59,
        0,
        0,
        0,
        null,
        null,
        null,
        null,
        1,
        11,
        null,
        null,
        1,
        0,
        null,
        null,
        1,
        null,
        1,
        252,
        null,
        1,
        252,
        null,
        null
      ],
      "/home/ubuntu1404/Workspaces/kudoso/app/models/content_descriptor.rb": [
        1,
        null
      ],
      "/home/ubuntu1404/Workspaces/kudoso/app/models/content_rating.rb": [
        1,
        null
      ],
      "/home/ubuntu1404/Workspaces/kudoso/app/models/content.rb": [
        1,
        null
      ],
      "/home/ubuntu1404/Workspaces/kudoso/app/models/activity_device.rb": [
        1,
        1,
        1,
        1,
        1,
        null,
        1,
        1,
        null,
        null
      ],
      "/home/ubuntu1404/Workspaces/kudoso/app/models/router_model.rb": [
        1,
        1,
        1,
        null
      ],
      "/home/ubuntu1404/Workspaces/kudoso/app/models/api_device.rb": [
        1,
        1,
        null,
        null,
        1,
        1,
        null,
        14,
        14,
        null,
        null
      ],
      "/home/ubuntu1404/Workspaces/kudoso/app/controllers/api/v1/sessions_controller.rb": [
        1,
        1,
        1,
        1,
        null,
        1,
        1,
        1,
        1,
        1,
        1,
        1,
        1,
        null,
        null,
        null,
        null,
        null,
        null,
        null,
        null,
        null,
        null,
        null,
        null,
        null,
        null,
        null,
        null,
        null,
        null,
        null,
        null,
        null,
        null,
        1,
        1,
        1,
        1,
        1,
        1,
        null,
        null,
        1,
        1,
        1,
        1,
        1,
        16,
        null,
        16,
        16,
        0,
        0,
        null,
        null,
        16,
        0,
        0,
        null,
        null,
        16,
        null,
        16,
        16,
        16,
        null,
        16,
        6,
        6,
        6,
        6,
        6,
        6,
        6,
        null,
        null,
        null,
        6,
        null,
        null,
        0,
        0,
        0,
        null,
        null,
        0,
        0,
        0,
        null,
        null,
        0,
        0,
        0,
        null,
        null,
        null,
        10,
        null,
        10,
        10,
        10,
        9,
        null,
        null,
        null,
        null,
        null,
        null,
        1,
        1,
        null,
        null,
        null,
        0,
        0,
        null,
        null,
        null,
        null,
        null,
        null,
        0,
        0,
        0,
        null,
        null,
        null,
        null,
        null,
        null,
        null,
        null,
        null,
        1,
        1,
        null,
        null,
        null,
        1,
        1,
        1,
        1,
        1,
        1,
        1,
        1,
        1,
        null,
        null,
        null,
        null,
        null
      ],
      "/home/ubuntu1404/Workspaces/kudoso/app/controllers/api_controller.rb": [
        1,
        1,
        1,
        1,
        1,
        1,
        null,
        1,
        33,
        33,
        33,
        33,
        33,
        33,
        0,
        null,
        33,
        null,
        0,
        null,
        null,
        null,
        33,
        33,
        33,
        33,
        33,
        null,
        0,
        0,
        0,
        null,
        null,
        null,
        null,
        null,
        null,
        null
      ],
      "/home/ubuntu1404/Workspaces/kudoso/app/models/api_key.rb": [
        1,
        1,
        null,
        1,
        1,
        1,
        null,
        1,
        34,
        34,
        null,
        null,
        1,
        null,
        1,
        null,
        14,
        14,
        14,
        null,
        null,
        null
      ],
      "/home/ubuntu1404/Workspaces/kudoso/app/models/family_device_category.rb": [
        1,
        1,
        1,
        null,
        1,
        1,
        null,
        null
      ],
      "/home/ubuntu1404/Workspaces/kudoso/app/controllers/api/v1/activities_controller.rb": [
        1,
        1,
        1,
        null,
        null,
        null,
        1,
        1,
        1,
        1,
        1,
        1,
        1,
        1,
        null,
        null,
        null,
        null,
        null,
        null,
        null,
        null,
        1,
        1,
        1,
        1,
        1,
        3,
        3,
        3,
        3,
        3,
        3,
        3,
        3,
        3,
        3,
        3,
        3,
        3,
        null,
        0,
        null,
        null,
        3,
        3,
        null,
        0,
        0,
        null,
        null,
        0,
        0,
        0,
        null,
        0,
        0,
        null,
        null,
        null,
        1,
        1,
        0,
        0,
        0,
        0,
        0,
        0,
        0,
        null,
        0,
        0,
        null,
        null,
        0,
        0,
        0,
        null,
        0,
        0,
        null,
        null,
        null,
        null,
        1,
        1,
        1,
        1,
        1,
        3,
        3,
        3,
        3,
        3,
        3,
        null,
        3,
        3,
        3,
        3,
        null,
        0,
        0,
        null,
        null,
        null,
        0,
        0,
        null,
        null,
        0,
        0,
        0,
        null,
        0,
        0,
        null,
        null,
        null,
        null,
        1,
        1,
        1,
        1,
        1,
        3,
        3,
        3,
        3,
        3,
        3,
        null,
        3,
        3,
        3,
        3,
        2,
        2,
        0,
        0,
        null,
        null,
        null,
        3,
        1,
        1,
        0,
        0,
        null,
        null,
        null,
        3,
        3,
        null,
        0,
        0,
        null,
        null,
        null,
        0,
        0,
        null,
        0,
        0,
        0,
        null,
        0,
        0,
        null,
        0,
        0,
        null,
        0,
        0,
        null,
        0,
        0,
        null,
        0,
        0,
        null,
        0,
        0,
        null,
        null,
        null,
        null,
        null,
        null,
        null,
        null,
        null,
        null,
        null
      ],
      "/home/ubuntu1404/Workspaces/kudoso/app/controllers/api/v1/families_controller.rb": [
        1,
        1,
        1,
        null,
        1,
        1,
        1,
        1,
        1,
        1,
        1,
        1,
        null,
        null,
        null,
        null,
        null,
        null,
        null,
        1,
        2,
        2,
        1,
        1,
        null,
        1,
        1,
        null,
        null,
        null,
        1,
        1,
        null,
        1,
        2,
        2,
        2,
        1,
        1,
        null,
        0,
        0,
        null,
        null,
        1,
        1,
        1,
        null,
        0,
        0,
        null,
        null,
        null,
        null,
        1,
        1,
        1,
        1,
        1,
        1,
        1,
        null,
        1,
        3,
        3,
        3,
        3,
        3,
        3,
        3,
        3,
        3,
        1,
        4,
        4,
        4,
        4,
        4,
        4,
        4,
        4,
        null,
        null,
        null,
        null,
        3,
        3,
        null,
        0,
        0,
        null,
        0,
        null,
        null,
        null,
        0,
        0,
        null,
        null,
        0,
        0,
        0,
        null,
        0,
        0,
        null,
        null,
        null,
        null,
        null,
        null
      ],
      "/home/ubuntu1404/Workspaces/kudoso/app/models/device_category.rb": [
        1,
        1,
        1,
        null,
        1,
        null
      ],
      "/home/ubuntu1404/Workspaces/kudoso/app/controllers/api/v1/members_controller.rb": [
        1,
        1,
        1,
        null,
        1,
        null,
        1,
        1,
        1,
        1,
        1,
        1,
        1,
        1,
        null,
        null,
        null,
        null,
        null,
        null,
        null,
        1,
        3,
        3,
        3,
        3,
        3,
        3,
        3,
        3,
        null,
        null,
        1,
        1,
        1,
        4,
        4,
        4,
        4,
        4,
        2,
        null,
        2,
        1,
        null,
        1,
        1,
        null,
        null,
        null,
        null,
        0,
        0,
        0,
        null,
        0,
        0,
        null,
        null,
        null,
        1,
        1,
        1,
        1,
        1,
        1,
        1,
        1,
        1,
        null,
        0,
        0,
        null,
        null,
        0,
        0,
        0,
        null,
        0,
        0,
        null,
        null,
        null,
        null,
        1,
        1,
        1,
        1,
        1,
        1,
        1,
        1,
        1,
        1,
        1,
        1,
        1,
        1,
        1,
        null,
        0,
        0,
        null,
        null,
        null,
        0,
        0,
        null,
        null,
        0,
        0,
        0,
        null,
        0,
        0,
        null,
        null,
        null,
        null,
        1,
        1,
        1,
        1,
        1,
        1,
        1,
        1,
        1,
        1,
        1,
        0,
        0,
        0,
        null,
        null,
        1,
        1,
        null,
        0,
        0,
        null,
        null,
        null,
        0,
        0,
        null,
        null,
        0,
        0,
        0,
        null,
        0,
        0,
        null,
        null,
        null,
        null,
        null,
        1,
        1,
        1,
        1,
        1,
        1,
        1,
        1,
        1,
        1,
        null,
        0,
        0,
        null,
        null,
        null,
        0,
        0,
        null,
        null,
        0,
        0,
        0,
        null,
        0,
        0,
        null,
        null,
        null,
        null,
        null,
        1,
        1,
        1,
        1,
        1,
        1,
        1,
        1,
        1,
        1,
        1,
        null,
        0,
        null,
        0,
        null,
        0,
        null,
        1,
        null,
        0,
        0,
        null,
        null,
        0,
        0,
        0,
        null,
        0,
        0,
        null,
        null,
        null,
        1,
        null,
        null,
        null,
        1,
        2,
        null,
        null,
        1,
        9,
        null,
        null,
        null,
        null,
        null,
        null,
        null
      ],
      "/home/ubuntu1404/Workspaces/kudoso/app/models/family_activity_preference.rb": [
        1,
        1,
        1,
        null
      ],
      "/home/ubuntu1404/Workspaces/kudoso/app/controllers/api/v1/my_todos_controller.rb": [
        1,
        1,
        1,
        null,
        null,
        null,
        1,
        1,
        1,
        1,
        1,
        1,
        1,
        1,
        null,
        null,
        null,
        null,
        null,
        null,
        null,
        null,
        1,
        1,
        1,
        1,
        null,
        null,
        null,
        null,
        null,
        null,
        null,
        null,
        null,
        null,
        null,
        null,
        null,
        null,
        null,
        null,
        null,
        null,
        null,
        null,
        null,
        null,
        null,
        null,
        null,
        null,
        null,
        null,
        null,
        null,
        null,
        null,
        null,
        null,
        null,
        null,
        null,
        1,
        1,
        1,
        1,
        1,
        1,
        1,
        1,
        1,
        1,
        null,
        0,
        0,
        null,
        null,
        0,
        0,
        0,
        null,
        0,
        0,
        null,
        null,
        null,
        1,
        1,
        1,
        0,
        0,
        0,
        0,
        0,
        0,
        0,
        null,
        0,
        0,
        null,
        null,
        0,
        0,
        0,
        null,
        0,
        0,
        null,
        null,
        null,
        null,
        1,
        1,
        1,
        1,
        1,
        1,
        2,
        2,
        2,
        2,
        2,
        2,
        1,
        1,
        null,
        0,
        0,
        null,
        null,
        null,
        0,
        0,
        null,
        null,
        1,
        0,
        0,
        null,
        1,
        1,
        null,
        null,
        null,
        null,
        1,
        1,
        1,
        1,
        1,
        1,
        1,
        1,
        1,
        1,
        1,
        null,
        0,
        0,
        null,
        null,
        null,
        0,
        0,
        null,
        null,
        0,
        0,
        0,
        null,
        0,
        0,
        null,
        null,
        null,
        null,
        1,
        1,
        2,
        2,
        2,
        2,
        2,
        2,
        1,
        1,
        null,
        0,
        0,
        null,
        null,
        null,
        1,
        1,
        null,
        null,
        0,
        0,
        0,
        null,
        0,
        0,
        null,
        null,
        null,
        null,
        1,
        null,
        null,
        null,
        1,
        3,
        null,
        null,
        null,
        null,
        null,
        null
      ],
      "/home/ubuntu1404/Workspaces/kudoso/app/controllers/api/v1/plugs_controller.rb": [
        1,
        1,
        1,
        null,
        1,
        null,
        1,
        1,
        1,
        null,
        null,
        null,
        null,
        4,
        4,
        4,
        4,
        1,
        1,
        1,
        null,
        null,
        3,
        1,
        1,
        1,
        null,
        null,
        2,
        0,
        0,
        0,
        null,
        null,
        2,
        2,
        null,
        2,
        0,
        0,
        0,
        null,
        null,
        2,
        0,
        0,
        0,
        null,
        null,
        2,
        2,
        null,
        0,
        0,
        0,
        0,
        null,
        0,
        0,
        0,
        null,
        null,
        null,
        null,
        null,
        null,
        1,
        1,
        2,
        2,
        2,
        null,
        2,
        2,
        1,
        1,
        1,
        null,
        1,
        0,
        0,
        0,
        null,
        1,
        null,
        null,
        1,
        null,
        0,
        0,
        0,
        null,
        null,
        null,
        null,
        null,
        1,
        3,
        3,
        null,
        null,
        null,
        null,
        null
      ],
      "/home/ubuntu1404/Workspaces/kudoso/app/controllers/api/v1/schedule_rrules_controller.rb": [
        1,
        1,
        1,
        null,
        1,
        1,
        1,
        1,
        1,
        1,
        1,
        1,
        null,
        null,
        null,
        null,
        null,
        null,
        null,
        null,
        null,
        null,
        null,
        1,
        1,
        1,
        1,
        1,
        1,
        1,
        null,
        1,
        1,
        1,
        1,
        1,
        1,
        1,
        null,
        0,
        0,
        null,
        null,
        null,
        null,
        null,
        null,
        0,
        0,
        0,
        null,
        0,
        0,
        null,
        null,
        null,
        1,
        1,
        1,
        1,
        1,
        1,
        1,
        null,
        1,
        1,
        1,
        1,
        1,
        1,
        null,
        0,
        0,
        null,
        null,
        null,
        null,
        null,
        null,
        0,
        0,
        0,
        null,
        0,
        0,
        null,
        null,
        null,
        1,
        1,
        1,
        1,
        1,
        1,
        null,
        1,
        1,
        1,
        null,
        0,
        0,
        null,
        null,
        null,
        null,
        null,
        null,
        null,
        0,
        0,
        0,
        null,
        0,
        0,
        null,
        null,
        null,
        null,
        null,
        null,
        null,
        null
      ],
      "/home/ubuntu1404/Workspaces/kudoso/app/controllers/api/v1/timezones_controller.rb": [
        1,
        1,
        1,
        1,
        null,
        1,
        1,
        1,
        1,
        1,
        1,
        1,
        null,
        null,
        null,
        null,
        null,
        1,
        1,
        9,
        null,
        null,
        null,
        null,
        null
      ],
      "/home/ubuntu1404/Workspaces/kudoso/app/controllers/notes_controller.rb": [
        1,
        1,
        null,
        1,
        null,
        1,
        1,
        1,
        null,
        null,
        1,
        0,
        null,
        null,
        1,
        0,
        0,
        null,
        null,
        1,
        null,
        null,
        1,
        0,
        0,
        0,
        null,
        null,
        1,
        0,
        0,
        null,
        null,
        1,
        0,
        0,
        null,
        null,
        1,
        1,
        0,
        null,
        null,
        1,
        0,
        null,
        null
      ],
      "/home/ubuntu1404/Workspaces/kudoso/app/models/contact.rb": [
        1,
        1,
        1,
        1,
        1,
        1,
        1,
        null,
        1,
        1,
        null,
        1,
        0,
        null,
        null,
        1,
        0,
        null,
        null,
        1,
        0,
        null,
        null
      ],
      "/home/ubuntu1404/Workspaces/kudoso/app/models/email.rb": [
        1,
        1,
        1,
        null,
        null,
        1,
        1,
        null,
        null,
        null,
        null
      ]
    },
    "timestamp": 1450130439
  }
}
